# JRE version: OpenJDK Runtime Environment Temurin-17.0.4.1+1 (17.0.4.1+1) (build 17.0.4.1+1)
# Java VM: OpenJDK 64-Bit Server VM Temurin-17.0.4.1+1 (17.0.4.1+1, mixed mode, tiered, compressed oops, compressed class ptrs, parallel gc, windows-amd64)
GC Precious Log:
 CPUs: 4 total, 4 available
 Memory: 8092M
 Large Page Support: Disabled
 NUMA Support: Disabled
 Compressed Oops: Enabled (32-bit)
 Alignments: Space 512K, Generation 512K, Heap 2M
 Heap Min Capacity: 100M
 Heap Initial Capacity: 100M
 Heap Max Capacity: 1G
 Pre-touch: Disabled
 Parallel Workers: 4
Heap:
 PSYoungGen      total 15360K, used 3437K [0x00000000eab00000, 0x00000000ebd00000, 0x0000000100000000)
  eden space 13312K, 16% used [0x00000000eab00000,0x00000000ead158d0,0x00000000eb800000)
  from space 2048K, 63% used [0x00000000eb980000,0x00000000ebac5c68,0x00000000ebb80000)
  to   space 1536K, 0% used [0x00000000ebb80000,0x00000000ebb80000,0x00000000ebd00000)
 ParOldGen       total 120320K, used 93768K [0x00000000c0000000, 0x00000000c7580000, 0x00000000eab00000)
  object space 120320K, 77% used [0x00000000c0000000,0x00000000c5b92080,0x00000000c7580000)
 Metaspace       used 85094K, committed 86336K, reserved 1130496K
  class space    used 8095K, committed 8640K, reserved 1048576K
GC Heap History (20 events):
Event: 26808.434 GC heap before
{Heap before GC invocations=9373 (full 190):
 PSYoungGen      total 10240K, used 10208K [0x00000000eab00000, 0x00000000ec480000, 0x0000000100000000)
  eden space 6144K, 100% used [0x00000000eab00000,0x00000000eb100000,0x00000000eb100000)
  from space 4096K, 99% used [0x00000000eb100000,0x00000000eb4f8160,0x00000000eb500000)
  to   space 9216K, 0% used [0x00000000ebb80000,0x00000000ebb80000,0x00000000ec480000)
 ParOldGen       total 93696K, used 80110K [0x00000000c0000000, 0x00000000c5b80000, 0x00000000eab00000)
  object space 93696K, 85% used [0x00000000c0000000,0x00000000c4e3b898,0x00000000c5b80000)
 Metaspace       used 84140K, committed 85312K, reserved 1130496K
  class space    used 8002K, committed 8512K, reserved 1048576K
}
Event: 26808.441 GC heap after
{Heap after GC invocations=9373 (full 190):
 PSYoungGen      total 11776K, used 3772K [0x00000000eab00000, 0x00000000ebf80000, 0x0000000100000000)
  eden space 7680K, 0% used [0x00000000eab00000,0x00000000eab00000,0x00000000eb280000)
  from space 4096K, 92% used [0x00000000ebb80000,0x00000000ebf2f100,0x00000000ebf80000)
  to   space 5632K, 0% used [0x00000000eb480000,0x00000000eb480000,0x00000000eba00000)
 ParOldGen       total 93696K, used 84197K [0x00000000c0000000, 0x00000000c5b80000, 0x00000000eab00000)
  object space 93696K, 89% used [0x00000000c0000000,0x00000000c5239778,0x00000000c5b80000)
 Metaspace       used 84140K, committed 85312K, reserved 1130496K
  class space    used 8002K, committed 8512K, reserved 1048576K
}
Event: 26808.457 GC heap before
{Heap before GC invocations=9374 (full 190):
 PSYoungGen      total 11776K, used 11452K [0x00000000eab00000, 0x00000000ebf80000, 0x0000000100000000)
  eden space 7680K, 100% used [0x00000000eab00000,0x00000000eb280000,0x00000000eb280000)
  from space 4096K, 92% used [0x00000000ebb80000,0x00000000ebf2f100,0x00000000ebf80000)
  to   space 5632K, 0% used [0x00000000eb480000,0x00000000eb480000,0x00000000eba00000)
 ParOldGen       total 93696K, used 84197K [0x00000000c0000000, 0x00000000c5b80000, 0x00000000eab00000)
  object space 93696K, 89% used [0x00000000c0000000,0x00000000c5239778,0x00000000c5b80000)
 Metaspace       used 84170K, committed 85312K, reserved 1130496K
  class space    used 8009K, committed 8512K, reserved 1048576K
}
Event: 26808.467 GC heap after
{Heap after GC invocations=9374 (full 190):
 PSYoungGen      total 13824K, used 4227K [0x00000000eab00000, 0x00000000ebd00000, 0x0000000100000000)
  eden space 9216K, 0% used [0x00000000eab00000,0x00000000eab00000,0x00000000eb400000)
  from space 4608K, 91% used [0x00000000eb480000,0x00000000eb8a0da8,0x00000000eb900000)
  to   space 4096K, 0% used [0x00000000eb900000,0x00000000eb900000,0x00000000ebd00000)
 ParOldGen       total 93696K, used 87917K [0x00000000c0000000, 0x00000000c5b80000, 0x00000000eab00000)
  object space 93696K, 93% used [0x00000000c0000000,0x00000000c55db7b0,0x00000000c5b80000)
 Metaspace       used 84170K, committed 85312K, reserved 1130496K
  class space    used 8009K, committed 8512K, reserved 1048576K
}
Event: 26808.517 GC heap before
{Heap before GC invocations=9375 (full 190):
 PSYoungGen      total 13824K, used 13344K [0x00000000eab00000, 0x00000000ebd00000, 0x0000000100000000)
  eden space 9216K, 98% used [0x00000000eab00000,0x00000000eb3e7340,0x00000000eb400000)
  from space 4608K, 91% used [0x00000000eb480000,0x00000000eb8a0da8,0x00000000eb900000)
  to   space 4096K, 0% used [0x00000000eb900000,0x00000000eb900000,0x00000000ebd00000)
 ParOldGen       total 93696K, used 87917K [0x00000000c0000000, 0x00000000c5b80000, 0x00000000eab00000)
  object space 93696K, 93% used [0x00000000c0000000,0x00000000c55db7b0,0x00000000c5b80000)
 Metaspace       used 84175K, committed 85312K, reserved 1130496K
  class space    used 8009K, committed 8512K, reserved 1048576K
}
Event: 26808.523 GC heap after
{Heap after GC invocations=9375 (full 190):
 PSYoungGen      total 14336K, used 3776K [0x00000000eab00000, 0x00000000ebe00000, 0x0000000100000000)
  eden space 10240K, 0% used [0x00000000eab00000,0x00000000eab00000,0x00000000eb500000)
  from space 4096K, 92% used [0x00000000eb900000,0x00000000ebcb0000,0x00000000ebd00000)
  to   space 4096K, 0% used [0x00000000eb500000,0x00000000eb500000,0x00000000eb900000)
 ParOldGen       total 93696K, used 91477K [0x00000000c0000000, 0x00000000c5b80000, 0x00000000eab00000)
  object space 93696K, 97% used [0x00000000c0000000,0x00000000c59557b0,0x00000000c5b80000)
 Metaspace       used 84175K, committed 85312K, reserved 1130496K
  class space    used 8009K, committed 8512K, reserved 1048576K
}
Event: 26808.523 GC heap before
{Heap before GC invocations=9376 (full 191):
 PSYoungGen      total 14336K, used 3776K [0x00000000eab00000, 0x00000000ebe00000, 0x0000000100000000)
  eden space 10240K, 0% used [0x00000000eab00000,0x00000000eab00000,0x00000000eb500000)
  from space 4096K, 92% used [0x00000000eb900000,0x00000000ebcb0000,0x00000000ebd00000)
  to   space 4096K, 0% used [0x00000000eb500000,0x00000000eb500000,0x00000000eb900000)
 ParOldGen       total 93696K, used 91477K [0x00000000c0000000, 0x00000000c5b80000, 0x00000000eab00000)
  object space 93696K, 97% used [0x00000000c0000000,0x00000000c59557b0,0x00000000c5b80000)
 Metaspace       used 84175K, committed 85312K, reserved 1130496K
  class space    used 8009K, committed 8512K, reserved 1048576K
}
Event: 26808.695 GC heap after
{Heap after GC invocations=9376 (full 191):
 PSYoungGen      total 14336K, used 0K [0x00000000eab00000, 0x00000000ebe80000, 0x0000000100000000)
  eden space 10240K, 0% used [0x00000000eab00000,0x00000000eab00000,0x00000000eb500000)
  from space 4096K, 0% used [0x00000000eb500000,0x00000000eb500000,0x00000000eb900000)
  to   space 4096K, 0% used [0x00000000eba80000,0x00000000eba80000,0x00000000ebe80000)
 ParOldGen       total 120320K, used 85992K [0x00000000c0000000, 0x00000000c7580000, 0x00000000eab00000)
  object space 120320K, 71% used [0x00000000c0000000,0x00000000c53fa0c0,0x00000000c7580000)
 Metaspace       used 84175K, committed 85312K, reserved 1130496K
  class space    used 8009K, committed 8512K, reserved 1048576K
}
Event: 26808.914 GC heap before
{Heap before GC invocations=9377 (full 191):
 PSYoungGen      total 14336K, used 10240K [0x00000000eab00000, 0x00000000ebe80000, 0x0000000100000000)
  eden space 10240K, 100% used [0x00000000eab00000,0x00000000eb500000,0x00000000eb500000)
  from space 4096K, 0% used [0x00000000eb500000,0x00000000eb500000,0x00000000eb900000)
  to   space 4096K, 0% used [0x00000000eba80000,0x00000000eba80000,0x00000000ebe80000)
 ParOldGen       total 120320K, used 85992K [0x00000000c0000000, 0x00000000c7580000, 0x00000000eab00000)
  object space 120320K, 71% used [0x00000000c0000000,0x00000000c53fa0c0,0x00000000c7580000)
 Metaspace       used 84175K, committed 85312K, reserved 1130496K
  class space    used 8009K, committed 8512K, reserved 1048576K
}
Event: 26808.918 GC heap after
{Heap after GC invocations=9377 (full 191):
 PSYoungGen      total 14848K, used 4096K [0x00000000eab00000, 0x00000000ec080000, 0x0000000100000000)
  eden space 10752K, 0% used [0x00000000eab00000,0x00000000eab00000,0x00000000eb580000)
  from space 4096K, 100% used [0x00000000eba80000,0x00000000ebe80000,0x00000000ebe80000)
  to   space 5120K, 0% used [0x00000000eb580000,0x00000000eb580000,0x00000000eba80000)
 ParOldGen       total 120320K, used 86800K [0x00000000c0000000, 0x00000000c7580000, 0x00000000eab00000)
  object space 120320K, 72% used [0x00000000c0000000,0x00000000c54c40c0,0x00000000c7580000)
 Metaspace       used 84175K, committed 85312K, reserved 1130496K
  class space    used 8009K, committed 8512K, reserved 1048576K
}
Event: 26809.066 GC heap before
{Heap before GC invocations=9378 (full 191):
 PSYoungGen      total 14848K, used 14848K [0x00000000eab00000, 0x00000000ec080000, 0x0000000100000000)
  eden space 10752K, 100% used [0x00000000eab00000,0x00000000eb580000,0x00000000eb580000)
  from space 4096K, 100% used [0x00000000eba80000,0x00000000ebe80000,0x00000000ebe80000)
  to   space 5120K, 0% used [0x00000000eb580000,0x00000000eb580000,0x00000000eba80000)
 ParOldGen       total 120320K, used 86800K [0x00000000c0000000, 0x00000000c7580000, 0x00000000eab00000)
  object space 120320K, 72% used [0x00000000c0000000,0x00000000c54c40c0,0x00000000c7580000)
 Metaspace       used 84175K, committed 85312K, reserved 1130496K
  class space    used 8009K, committed 8512K, reserved 1048576K
}
Event: 26809.069 GC heap after
{Heap after GC invocations=9378 (full 191):
 PSYoungGen      total 11776K, used 643K [0x00000000eab00000, 0x00000000ebc00000, 0x0000000100000000)
  eden space 10752K, 0% used [0x00000000eab00000,0x00000000eab00000,0x00000000eb580000)
  from space 1024K, 62% used [0x00000000eb580000,0x00000000eb620fe8,0x00000000eb680000)
  to   space 2560K, 0% used [0x00000000eb980000,0x00000000eb980000,0x00000000ebc00000)
 ParOldGen       total 120320K, used 90624K [0x00000000c0000000, 0x00000000c7580000, 0x00000000eab00000)
  object space 120320K, 75% used [0x00000000c0000000,0x00000000c58800c0,0x00000000c7580000)
 Metaspace       used 84175K, committed 85312K, reserved 1130496K
  class space    used 8009K, committed 8512K, reserved 1048576K
}
Event: 26809.092 GC heap before
{Heap before GC invocations=9379 (full 191):
 PSYoungGen      total 11776K, used 11395K [0x00000000eab00000, 0x00000000ebc00000, 0x0000000100000000)
  eden space 10752K, 100% used [0x00000000eab00000,0x00000000eb580000,0x00000000eb580000)
  from space 1024K, 62% used [0x00000000eb580000,0x00000000eb620fe8,0x00000000eb680000)
  to   space 2560K, 0% used [0x00000000eb980000,0x00000000eb980000,0x00000000ebc00000)
 ParOldGen       total 120320K, used 90624K [0x00000000c0000000, 0x00000000c7580000, 0x00000000eab00000)
  object space 120320K, 75% used [0x00000000c0000000,0x00000000c58800c0,0x00000000c7580000)
 Metaspace       used 84175K, committed 85312K, reserved 1130496K
  class space    used 8009K, committed 8512K, reserved 1048576K
}
Event: 26809.094 GC heap after
{Heap after GC invocations=9379 (full 191):
 PSYoungGen      total 13824K, used 1398K [0x00000000eab00000, 0x00000000ebb00000, 0x0000000100000000)
  eden space 12288K, 0% used [0x00000000eab00000,0x00000000eab00000,0x00000000eb700000)
  from space 1536K, 91% used [0x00000000eb980000,0x00000000ebadd808,0x00000000ebb00000)
  to   space 2048K, 0% used [0x00000000eb700000,0x00000000eb700000,0x00000000eb900000)
 ParOldGen       total 120320K, used 91161K [0x00000000c0000000, 0x00000000c7580000, 0x00000000eab00000)
  object space 120320K, 75% used [0x00000000c0000000,0x00000000c5906628,0x00000000c7580000)
 Metaspace       used 84175K, committed 85312K, reserved 1130496K
  class space    used 8009K, committed 8512K, reserved 1048576K
}
Event: 26809.131 GC heap before
{Heap before GC invocations=9380 (full 191):
 PSYoungGen      total 13824K, used 13686K [0x00000000eab00000, 0x00000000ebb00000, 0x0000000100000000)
  eden space 12288K, 100% used [0x00000000eab00000,0x00000000eb700000,0x00000000eb700000)
  from space 1536K, 91% used [0x00000000eb980000,0x00000000ebadd808,0x00000000ebb00000)
  to   space 2048K, 0% used [0x00000000eb700000,0x00000000eb700000,0x00000000eb900000)
 ParOldGen       total 120320K, used 91161K [0x00000000c0000000, 0x00000000c7580000, 0x00000000eab00000)
  object space 120320K, 75% used [0x00000000c0000000,0x00000000c5906628,0x00000000c7580000)
 Metaspace       used 84175K, committed 85312K, reserved 1130496K
  class space    used 8009K, committed 8512K, reserved 1048576K
}
Event: 26809.133 GC heap after
{Heap after GC invocations=9380 (full 191):
 PSYoungGen      total 14336K, used 2018K [0x00000000eab00000, 0x00000000ec080000, 0x0000000100000000)
  eden space 12288K, 0% used [0x00000000eab00000,0x00000000eab00000,0x00000000eb700000)
  from space 2048K, 98% used [0x00000000eb700000,0x00000000eb8f8b08,0x00000000eb900000)
  to   space 4096K, 0% used [0x00000000ebc80000,0x00000000ebc80000,0x00000000ec080000)
 ParOldGen       total 120320K, used 92518K [0x00000000c0000000, 0x00000000c7580000, 0x00000000eab00000)
  object space 120320K, 76% used [0x00000000c0000000,0x00000000c5a59a68,0x00000000c7580000)
 Metaspace       used 84175K, committed 85312K, reserved 1130496K
  class space    used 8009K, committed 8512K, reserved 1048576K
}
Event: 26809.217 GC heap before
{Heap before GC invocations=9381 (full 191):
 PSYoungGen      total 14336K, used 14306K [0x00000000eab00000, 0x00000000ec080000, 0x0000000100000000)
  eden space 12288K, 100% used [0x00000000eab00000,0x00000000eb700000,0x00000000eb700000)
  from space 2048K, 98% used [0x00000000eb700000,0x00000000eb8f8b08,0x00000000eb900000)
  to   space 4096K, 0% used [0x00000000ebc80000,0x00000000ebc80000,0x00000000ec080000)
 ParOldGen       total 120320K, used 92518K [0x00000000c0000000, 0x00000000c7580000, 0x00000000eab00000)
  object space 120320K, 76% used [0x00000000c0000000,0x00000000c5a59a68,0x00000000c7580000)
 Metaspace       used 84177K, committed 85312K, reserved 1130496K
  class space    used 8009K, committed 8512K, reserved 1048576K
}
Event: 26809.219 GC heap after
{Heap after GC invocations=9381 (full 191):
 PSYoungGen      total 14336K, used 852K [0x00000000eab00000, 0x00000000ebd80000, 0x0000000100000000)
  eden space 13312K, 0% used [0x00000000eab00000,0x00000000eab00000,0x00000000eb800000)
  from space 1024K, 83% used [0x00000000ebc80000,0x00000000ebd55200,0x00000000ebd80000)
  to   space 2048K, 0% used [0x00000000eb980000,0x00000000eb980000,0x00000000ebb80000)
 ParOldGen       total 120320K, used 93760K [0x00000000c0000000, 0x00000000c7580000, 0x00000000eab00000)
  object space 120320K, 77% used [0x00000000c0000000,0x00000000c5b90080,0x00000000c7580000)
 Metaspace       used 84177K, committed 85312K, reserved 1130496K
  class space    used 8009K, committed 8512K, reserved 1048576K
}
Event: 26819.261 GC heap before
{Heap before GC invocations=9382 (full 191):
 PSYoungGen      total 14336K, used 14164K [0x00000000eab00000, 0x00000000ebd80000, 0x0000000100000000)
  eden space 13312K, 100% used [0x00000000eab00000,0x00000000eb800000,0x00000000eb800000)
  from space 1024K, 83% used [0x00000000ebc80000,0x00000000ebd55200,0x00000000ebd80000)
  to   space 2048K, 0% used [0x00000000eb980000,0x00000000eb980000,0x00000000ebb80000)
 ParOldGen       total 120320K, used 93760K [0x00000000c0000000, 0x00000000c7580000, 0x00000000eab00000)
  object space 120320K, 77% used [0x00000000c0000000,0x00000000c5b90080,0x00000000c7580000)
 Metaspace       used 84673K, committed 85888K, reserved 1130496K
  class space    used 8049K, committed 8576K, reserved 1048576K
}
Event: 26819.263 GC heap after
{Heap after GC invocations=9382 (full 191):
 PSYoungGen      total 15360K, used 1303K [0x00000000eab00000, 0x00000000ebd00000, 0x0000000100000000)
  eden space 13312K, 0% used [0x00000000eab00000,0x00000000eab00000,0x00000000eb800000)
  from space 2048K, 63% used [0x00000000eb980000,0x00000000ebac5c68,0x00000000ebb80000)
  to   space 1536K, 0% used [0x00000000ebb80000,0x00000000ebb80000,0x00000000ebd00000)
 ParOldGen       total 120320K, used 93768K [0x00000000c0000000, 0x00000000c7580000, 0x00000000eab00000)
  object space 120320K, 77% used [0x00000000c0000000,0x00000000c5b92080,0x00000000c7580000)
 Metaspace       used 84673K, committed 85888K, reserved 1130496K
  class space    used 8049K, committed 8576K, reserved 1048576K
}

